  RLCProducer.cpp
D:\Program Files (x86)\VC\include\xlocale(341): warning C4530: 使用了 C++ 异常处理程序，但未启用展开语义。请指定 /EHsc
RLCProducer.cpp(135): warning C4018: “<”: 有符号/无符号不匹配
RLCProducer.cpp(202): warning C4018: “<”: 有符号/无符号不匹配
RLCProducer.cpp(295): warning C4018: “<”: 有符号/无符号不匹配
RLCProducer.cpp(301): warning C4018: “<”: 有符号/无符号不匹配
RLCProducer.cpp(344): warning C4018: “<”: 有符号/无符号不匹配
RLCProducer.cpp(358): warning C4018: “<”: 有符号/无符号不匹配
RLCProducer.cpp(363): warning C4018: “<”: 有符号/无符号不匹配
RLCProducer.cpp(455): warning C4018: “<”: 有符号/无符号不匹配
RLCProducer.cpp(508): warning C4018: “<”: 有符号/无符号不匹配
RLCProducer.cpp(524): warning C4018: “<”: 有符号/无符号不匹配
RLCProducer.cpp(743): warning C4018: “<”: 有符号/无符号不匹配
RLCProducer.cpp(894): warning C4018: “<”: 有符号/无符号不匹配
D:\Program Files (x86)\VC\include\exception(359): warning C4577: 在未指定异常处理模式的情况下使用了 "noexcept"；不一定会在异常时终止。指定 /EHsc
  正在生成代码
  2 of 343 functions ( 0.6%) were compiled, the rest were copied from previous compilation.
    0 functions were new in current compilation
    0 functions had inline decision re-evaluated but remain unchanged
  已完成代码的生成
  crop.vcxproj -> C:\Users\93866\documents\visual studio 2015\Projects\crop\Release\crop.exe
  crop.vcxproj -> C:\Users\93866\documents\visual studio 2015\Projects\crop\Release\crop.pdb (Full PDB)
